2026-07-02 12:42:07,791 - aqt.helper - DEBUG - helper 32500 Attempt to download checksum at https://download.qt.io/online/qtsdkrepository/windows_x86/desktop/qt6_6101/qt6_6101/Updates.xml.sha256
2026-07-02 12:42:23,316 - aqt.main - INFO - installer 19344 aqtinstall(aqt) v3.3.0 on Python 3.14.6 [CPython MSC v.1944 64 bit (AMD64)]
2026-07-02 12:42:23,317 - aqt.helper - DEBUG - helper 19344 Attempt to download checksum at https://download.qt.io/online/qtsdkrepository/windows_x86/desktop/qt6_6101/qt6_6101/Updates.xml.sha256
2026-07-02 12:42:26,162 - aqt.helper - DEBUG - helper 19344 Attempt to download checksum at https://download.qt.io/online/qtsdkrepository/windows_x86/extensions/qtwebengine/6101/mingw/Updates.xml.sha256
2026-07-02 12:42:27,440 - aqt.helper - DEBUG - helper 19344 Attempt to download checksum at https://download.qt.io/online/qtsdkrepository/windows_x86/extensions/qtwebengine/6101/mingw/Updates.xml.sha256
2026-07-02 12:42:28,720 - aqt.helper - DEBUG - helper 19344 Attempt to download checksum at https://download.qt.io/online/qtsdkrepository/windows_x86/extensions/qtwebengine/6101/mingw/Updates.xml.sha256
2026-07-02 12:42:29,960 - aqt.helper - DEBUG - helper 19344 Attempt to download checksum at https://download.qt.io/online/qtsdkrepository/windows_x86/extensions/qtwebengine/6101/mingw/Updates.xml.sha256
2026-07-02 12:42:31,186 - aqt.helper - DEBUG - helper 19344 Attempt to download checksum at https://download.qt.io/online/qtsdkrepository/windows_x86/extensions/qtwebengine/6101/mingw/Updates.xml.sha256
2026-07-02 12:42:32,427 - aqt.helper - DEBUG - helper 19344 Attempt to download checksum at https://download.qt.io/online/qtsdkrepository/windows_x86/extensions/qtpdf/6101/mingw/Updates.xml.sha256
2026-07-02 12:42:34,849 - aqt.archives - INFO - archives 19344 Found extension qtpdf
2026-07-02 12:42:35,333 - aqt.helper - DEBUG - helper 31008 Attempt to download checksum at https://download.qt.io/online/qtsdkrepository/windows_x86/desktop/qt6_6101/qt6_6101/qt.qt6.6101.addons.qtserialport.win64_mingw/6.10.1-0-202511161843qtserialport-Windows-Windows_11_24H2-Mingw-Windows-Windows_11_24H2-X86_64.7z.sha256
2026-07-02 12:42:35,334 - aqt.helper - DEBUG - helper 31468 Attempt to download checksum at https://download.qt.io/online/qtsdkrepository/windows_x86/desktop/qt6_6101/qt6_6101/qt.qt6.6101.win64_mingw/6.10.1-0-202511161843qtbase-Windows-Windows_11_24H2-Mingw-Windows-Windows_11_24H2-X86_64.7z.sha256
2026-07-02 12:42:35,334 - aqt.helper - DEBUG - helper 18456 Attempt to download checksum at https://download.qt.io/online/qtsdkrepository/windows_x86/desktop/qt6_6101/qt6_6101/qt.qt6.6101.win64_mingw/6.10.1-0-202511161843qtsvg-Windows-Windows_11_24H2-Mingw-Windows-Windows_11_24H2-X86_64.7z.sha256
2026-07-02 12:42:35,335 - aqt.helper - DEBUG - helper 15964 Attempt to download checksum at https://download.qt.io/online/qtsdkrepository/windows_x86/desktop/qt6_6101/qt6_6101/qt.qt6.6101.win64_mingw/6.10.1-0-202511161843qtdeclarative-Windows-Windows_11_24H2-Mingw-Windows-Windows_11_24H2-X86_64.7z.sha256
2026-07-02 12:42:36,594 - aqt.helper - INFO - helper 15964 Downloading qtdeclarative...
2026-07-02 12:42:36,595 - aqt.helper - INFO - helper 31008 Downloading qtserialport...
2026-07-02 12:42:36,594 - aqt.installer - DEBUG - installer 15964 Download URL: https://download.qt.io/online/qtsdkrepository/windows_x86/desktop/qt6_6101/qt6_6101/qt.qt6.6101.win64_mingw/6.10.1-0-202511161843qtdeclarative-Windows-Windows_11_24H2-Mingw-Windows-Windows_11_24H2-X86_64.7z
2026-07-02 12:42:36,595 - aqt.installer - DEBUG - installer 31008 Download URL: https://download.qt.io/online/qtsdkrepository/windows_x86/desktop/qt6_6101/qt6_6101/qt.qt6.6101.addons.qtserialport.win64_mingw/6.10.1-0-202511161843qtserialport-Windows-Windows_11_24H2-Mingw-Windows-Windows_11_24H2-X86_64.7z
2026-07-02 12:42:36,606 - aqt.helper - INFO - helper 31468 Downloading qtbase...
2026-07-02 12:42:36,606 - aqt.installer - DEBUG - installer 31468 Download URL: https://download.qt.io/online/qtsdkrepository/windows_x86/desktop/qt6_6101/qt6_6101/qt.qt6.6101.win64_mingw/6.10.1-0-202511161843qtbase-Windows-Windows_11_24H2-Mingw-Windows-Windows_11_24H2-X86_64.7z
2026-07-02 12:42:36,626 - aqt.helper - INFO - helper 18456 Downloading qtsvg...
2026-07-02 12:42:36,626 - aqt.installer - DEBUG - installer 18456 Download URL: https://download.qt.io/online/qtsdkrepository/windows_x86/desktop/qt6_6101/qt6_6101/qt.qt6.6101.win64_mingw/6.10.1-0-202511161843qtsvg-Windows-Windows_11_24H2-Mingw-Windows-Windows_11_24H2-X86_64.7z
2026-07-02 12:42:37,846 - aqt.helper - DEBUG - helper 15964 Asked to redirect(302) to: https://ftp.jaist.ac.jp/pub/qtproject/online/qtsdkrepository/windows_x86/desktop/qt6_6101/qt6_6101/qt.qt6.6101.win64_mingw/6.10.1-0-202511161843qtdeclarative-Windows-Windows_11_24H2-Mingw-Windows-Windows_11_24H2-X86_64.7z
2026-07-02 12:42:37,846 - aqt.helper - INFO - helper 15964 Redirected: ftp.jaist.ac.jp
2026-07-02 12:42:37,870 - aqt.helper - DEBUG - helper 31008 Asked to redirect(302) to: https://ftp.jaist.ac.jp/pub/qtproject/online/qtsdkrepository/windows_x86/desktop/qt6_6101/qt6_6101/qt.qt6.6101.addons.qtserialport.win64_mingw/6.10.1-0-202511161843qtserialport-Windows-Windows_11_24H2-Mingw-Windows-Windows_11_24H2-X86_64.7z
2026-07-02 12:42:37,870 - aqt.helper - INFO - helper 31008 Redirected: ftp.jaist.ac.jp
2026-07-02 12:42:37,884 - aqt.helper - DEBUG - helper 31468 Asked to redirect(302) to: https://ftp.jaist.ac.jp/pub/qtproject/online/qtsdkrepository/windows_x86/desktop/qt6_6101/qt6_6101/qt.qt6.6101.win64_mingw/6.10.1-0-202511161843qtbase-Windows-Windows_11_24H2-Mingw-Windows-Windows_11_24H2-X86_64.7z
2026-07-02 12:42:37,884 - aqt.helper - INFO - helper 31468 Redirected: ftp.jaist.ac.jp
2026-07-02 12:42:37,906 - aqt.helper - DEBUG - helper 18456 Asked to redirect(302) to: https://ftp.jaist.ac.jp/pub/qtproject/online/qtsdkrepository/windows_x86/desktop/qt6_6101/qt6_6101/qt.qt6.6101.win64_mingw/6.10.1-0-202511161843qtsvg-Windows-Windows_11_24H2-Mingw-Windows-Windows_11_24H2-X86_64.7z
2026-07-02 12:42:37,906 - aqt.helper - INFO - helper 18456 Redirected: ftp.jaist.ac.jp
2026-07-02 12:42:38,464 - aqt.installer - INFO - installer 31008 Finished installation of qtserialport-Windows-Windows_11_24H2-Mingw-Windows-Windows_11_24H2-X86_64.7z in 3.13233760
2026-07-02 12:42:38,478 - aqt.helper - DEBUG - helper 31008 Attempt to download checksum at https://download.qt.io/online/qtsdkrepository/windows_x86/desktop/qt6_6101/qt6_6101/qt.qt6.6101.win64_mingw/6.10.1-0-202511161843qttools-Windows-Windows_11_24H2-Mingw-Windows-Windows_11_24H2-X86_64.7z.sha256
2026-07-02 12:42:38,973 - aqt.installer - INFO - installer 18456 Finished installation of qtsvg-Windows-Windows_11_24H2-Mingw-Windows-Windows_11_24H2-X86_64.7z in 3.63987360
2026-07-02 12:42:38,987 - aqt.helper - DEBUG - helper 18456 Attempt to download checksum at https://download.qt.io/online/qtsdkrepository/windows_x86/desktop/qt6_6101/qt6_6101/qt.qt6.6101.win64_mingw/6.10.1-0-202511161843qttranslations-Windows-Windows_11_24H2-Mingw-Windows-Windows_11_24H2-X86_64.7z.sha256
2026-07-02 12:42:39,956 - aqt.helper - INFO - helper 31008 Downloading qttools...
2026-07-02 12:42:39,956 - aqt.installer - DEBUG - installer 31008 Download URL: https://download.qt.io/online/qtsdkrepository/windows_x86/desktop/qt6_6101/qt6_6101/qt.qt6.6101.win64_mingw/6.10.1-0-202511161843qttools-Windows-Windows_11_24H2-Mingw-Windows-Windows_11_24H2-X86_64.7z
2026-07-02 12:42:40,331 - aqt.helper - INFO - helper 18456 Downloading qttranslations...
2026-07-02 12:42:40,332 - aqt.installer - DEBUG - installer 18456 Download URL: https://download.qt.io/online/qtsdkrepository/windows_x86/desktop/qt6_6101/qt6_6101/qt.qt6.6101.win64_mingw/6.10.1-0-202511161843qttranslations-Windows-Windows_11_24H2-Mingw-Windows-Windows_11_24H2-X86_64.7z
2026-07-02 12:42:41,325 - aqt.helper - DEBUG - helper 31008 Asked to redirect(302) to: https://ftp.jaist.ac.jp/pub/qtproject/online/qtsdkrepository/windows_x86/desktop/qt6_6101/qt6_6101/qt.qt6.6101.win64_mingw/6.10.1-0-202511161843qttools-Windows-Windows_11_24H2-Mingw-Windows-Windows_11_24H2-X86_64.7z
2026-07-02 12:42:41,325 - aqt.helper - INFO - helper 31008 Redirected: ftp.jaist.ac.jp
2026-07-02 12:42:41,720 - aqt.helper - DEBUG - helper 18456 Asked to redirect(302) to: https://ftp.jaist.ac.jp/pub/qtproject/online/qtsdkrepository/windows_x86/desktop/qt6_6101/qt6_6101/qt.qt6.6101.win64_mingw/6.10.1-0-202511161843qttranslations-Windows-Windows_11_24H2-Mingw-Windows-Windows_11_24H2-X86_64.7z
2026-07-02 12:42:41,720 - aqt.helper - INFO - helper 18456 Redirected: ftp.jaist.ac.jp
2026-07-02 12:42:43,843 - aqt.installer - INFO - installer 18456 Finished installation of qttranslations-Windows-Windows_11_24H2-Mingw-Windows-Windows_11_24H2-X86_64.7z in 4.85825260
2026-07-02 12:42:43,858 - aqt.helper - DEBUG - helper 18456 Attempt to download checksum at https://download.qt.io/online/qtsdkrepository/windows_x86/desktop/qt6_6101/qt6_6101/qt.qt6.6101.win64_mingw/6.10.1-0-202511161843MinGW-w64-x86_64-13.1.0-release-posix-seh-msvcrt-rt_v11-rev1-runtime.7z.sha256
2026-07-02 12:42:45,197 - aqt.helper - INFO - helper 18456 Downloading MinGW...
2026-07-02 12:42:45,197 - aqt.installer - DEBUG - installer 18456 Download URL: https://download.qt.io/online/qtsdkrepository/windows_x86/desktop/qt6_6101/qt6_6101/qt.qt6.6101.win64_mingw/6.10.1-0-202511161843MinGW-w64-x86_64-13.1.0-release-posix-seh-msvcrt-rt_v11-rev1-runtime.7z
2026-07-02 12:42:47,538 - aqt.helper - DEBUG - helper 18456 Asked to redirect(302) to: https://ftp.jaist.ac.jp/pub/qtproject/online/qtsdkrepository/windows_x86/desktop/qt6_6101/qt6_6101/qt.qt6.6101.win64_mingw/6.10.1-0-202511161843MinGW-w64-x86_64-13.1.0-release-posix-seh-msvcrt-rt_v11-rev1-runtime.7z
2026-07-02 12:42:47,538 - aqt.helper - INFO - helper 18456 Redirected: ftp.jaist.ac.jp
2026-07-02 12:42:49,058 - aqt.installer - INFO - installer 18456 Finished installation of MinGW-w64-x86_64-13.1.0-release-posix-seh-msvcrt-rt_v11-rev1-runtime.7z in 5.20191690
2026-07-02 12:42:49,076 - aqt.helper - DEBUG - helper 18456 Attempt to download checksum at https://download.qt.io/online/qtsdkrepository/windows_x86/desktop/qt6_6101/qt6_6101/qt.qt6.6101.win64_mingw/6.10.1-0-202511161843d3dcompiler_47-x64.7z.sha256
2026-07-02 12:42:50,278 - aqt.helper - INFO - helper 18456 Downloading d3dcompiler_47...
2026-07-02 12:42:50,278 - aqt.installer - DEBUG - installer 18456 Download URL: https://download.qt.io/online/qtsdkrepository/windows_x86/desktop/qt6_6101/qt6_6101/qt.qt6.6101.win64_mingw/6.10.1-0-202511161843d3dcompiler_47-x64.7z
2026-07-02 12:42:51,506 - aqt.helper - DEBUG - helper 18456 Asked to redirect(302) to: https://ftp.jaist.ac.jp/pub/qtproject/online/qtsdkrepository/windows_x86/desktop/qt6_6101/qt6_6101/qt.qt6.6101.win64_mingw/6.10.1-0-202511161843d3dcompiler_47-x64.7z
2026-07-02 12:42:51,506 - aqt.helper - INFO - helper 18456 Redirected: ftp.jaist.ac.jp
2026-07-02 12:42:52,330 - aqt.installer - INFO - installer 18456 Finished installation of d3dcompiler_47-x64.7z in 3.25527610
2026-07-02 12:42:52,660 - aqt.helper - DEBUG - helper 4024 Attempt to download checksum at https://download.qt.io/online/qtsdkrepository/windows_x86/desktop/qt6_6101/qt6_6101/qt.qt6.6101.win64_mingw/6.10.1-0-202511161843opengl32sw-64-mesa_11_2_2-signed_sha256.7z.sha256
2026-07-02 12:42:53,906 - aqt.helper - INFO - helper 4024 Downloading opengl32sw...
2026-07-02 12:42:53,906 - aqt.installer - DEBUG - installer 4024 Download URL: https://download.qt.io/online/qtsdkrepository/windows_x86/desktop/qt6_6101/qt6_6101/qt.qt6.6101.win64_mingw/6.10.1-0-202511161843opengl32sw-64-mesa_11_2_2-signed_sha256.7z
2026-07-02 12:42:54,916 - aqt.installer - INFO - installer 31008 Finished installation of qttools-Windows-Windows_11_24H2-Mingw-Windows-Windows_11_24H2-X86_64.7z in 16.44071740
2026-07-02 12:42:55,177 - aqt.helper - DEBUG - helper 4024 Asked to redirect(302) to: https://ftp.jaist.ac.jp/pub/qtproject/online/qtsdkrepository/windows_x86/desktop/qt6_6101/qt6_6101/qt.qt6.6101.win64_mingw/6.10.1-0-202511161843opengl32sw-64-mesa_11_2_2-signed_sha256.7z
2026-07-02 12:42:55,177 - aqt.helper - INFO - helper 4024 Redirected: ftp.jaist.ac.jp
2026-07-02 12:42:56,540 - aqt.installer - INFO - installer 4024 Finished installation of opengl32sw-64-mesa_11_2_2-signed_sha256.7z in 3.88237440
2026-07-02 12:42:56,842 - aqt.installer - INFO - installer 31468 Finished installation of qtbase-Windows-Windows_11_24H2-Mingw-Windows-Windows_11_24H2-X86_64.7z in 21.50963360
2026-07-02 12:43:09,767 - aqt.installer - INFO - installer 15964 Finished installation of qtdeclarative-Windows-Windows_11_24H2-Mingw-Windows-Windows_11_24H2-X86_64.7z in 34.43345950
2026-07-02 12:43:09,973 - aqt.updater - INFO - updater 19344 Patching E:\Qt\Qt_Creato_All\6.10.1\mingw_64\bin\qmake.exe
2026-07-02 12:43:09,977 - aqt.updater - INFO - updater 19344 Patching E:\Qt\Qt_Creato_All\6.10.1\mingw_64\lib\pkgconfig\Qt6Charts.pc
2026-07-02 12:43:09,978 - aqt.updater - INFO - updater 19344 Patching E:\Qt\Qt_Creato_All\6.10.1\mingw_64\lib\pkgconfig\Qt6ChartsQml.pc
2026-07-02 12:43:09,979 - aqt.updater - INFO - updater 19344 Patching E:\Qt\Qt_Creato_All\6.10.1\mingw_64\lib\pkgconfig\Qt6Concurrent.pc
2026-07-02 12:43:09,979 - aqt.updater - INFO - updater 19344 Patching E:\Qt\Qt_Creato_All\6.10.1\mingw_64\lib\pkgconfig\Qt6Core.pc
2026-07-02 12:43:09,980 - aqt.updater - INFO - updater 19344 Patching E:\Qt\Qt_Creato_All\6.10.1\mingw_64\lib\pkgconfig\Qt6DBus.pc
2026-07-02 12:43:09,980 - aqt.updater - INFO - updater 19344 Patching E:\Qt\Qt_Creato_All\6.10.1\mingw_64\lib\pkgconfig\Qt6Designer.pc
2026-07-02 12:43:09,981 - aqt.updater - INFO - updater 19344 Patching E:\Qt\Qt_Creato_All\6.10.1\mingw_64\lib\pkgconfig\Qt6Gui.pc
2026-07-02 12:43:09,981 - aqt.updater - INFO - updater 19344 Patching E:\Qt\Qt_Creato_All\6.10.1\mingw_64\lib\pkgconfig\Qt6Help.pc
2026-07-02 12:43:09,982 - aqt.updater - INFO - updater 19344 Patching E:\Qt\Qt_Creato_All\6.10.1\mingw_64\lib\pkgconfig\Qt6LabsAnimation.pc
2026-07-02 12:43:09,983 - aqt.updater - INFO - updater 19344 Patching E:\Qt\Qt_Creato_All\6.10.1\mingw_64\lib\pkgconfig\Qt6LabsFolderListModel.pc
2026-07-02 12:43:09,983 - aqt.updater - INFO - updater 19344 Patching E:\Qt\Qt_Creato_All\6.10.1\mingw_64\lib\pkgconfig\Qt6LabsPlatform.pc
2026-07-02 12:43:09,984 - aqt.updater - INFO - updater 19344 Patching E:\Qt\Qt_Creato_All\6.10.1\mingw_64\lib\pkgconfig\Qt6LabsQmlModels.pc
2026-07-02 12:43:09,984 - aqt.updater - INFO - updater 19344 Patching E:\Qt\Qt_Creato_All\6.10.1\mingw_64\lib\pkgconfig\Qt6LabsSettings.pc
2026-07-02 12:43:09,985 - aqt.updater - INFO - updater 19344 Patching E:\Qt\Qt_Creato_All\6.10.1\mingw_64\lib\pkgconfig\Qt6LabsSharedImage.pc
2026-07-02 12:43:09,985 - aqt.updater - INFO - updater 19344 Patching E:\Qt\Qt_Creato_All\6.10.1\mingw_64\lib\pkgconfig\Qt6LabsSynchronizer.pc
2026-07-02 12:43:09,986 - aqt.updater - INFO - updater 19344 Patching E:\Qt\Qt_Creato_All\6.10.1\mingw_64\lib\pkgconfig\Qt6LabsWavefrontMesh.pc
2026-07-02 12:43:09,986 - aqt.updater - INFO - updater 19344 Patching E:\Qt\Qt_Creato_All\6.10.1\mingw_64\lib\pkgconfig\Qt6Linguist.pc
2026-07-02 12:43:09,987 - aqt.updater - INFO - updater 19344 Patching E:\Qt\Qt_Creato_All\6.10.1\mingw_64\lib\pkgconfig\Qt6Multimedia.pc
2026-07-02 12:43:09,988 - aqt.updater - INFO - updater 19344 Patching E:\Qt\Qt_Creato_All\6.10.1\mingw_64\lib\pkgconfig\Qt6MultimediaWidgets.pc
2026-07-02 12:43:09,988 - aqt.updater - INFO - updater 19344 Patching E:\Qt\Qt_Creato_All\6.10.1\mingw_64\lib\pkgconfig\Qt6Network.pc
2026-07-02 12:43:09,989 - aqt.updater - INFO - updater 19344 Patching E:\Qt\Qt_Creato_All\6.10.1\mingw_64\lib\pkgconfig\Qt6OpenGL.pc
2026-07-02 12:43:09,989 - aqt.updater - INFO - updater 19344 Patching E:\Qt\Qt_Creato_All\6.10.1\mingw_64\lib\pkgconfig\Qt6OpenGLWidgets.pc
2026-07-02 12:43:09,990 - aqt.updater - INFO - updater 19344 Patching E:\Qt\Qt_Creato_All\6.10.1\mingw_64\lib\pkgconfig\Qt6Platform.pc
2026-07-02 12:43:09,990 - aqt.updater - INFO - updater 19344 Patching E:\Qt\Qt_Creato_All\6.10.1\mingw_64\lib\pkgconfig\Qt6PrintSupport.pc
2026-07-02 12:43:09,991 - aqt.updater - INFO - updater 19344 Patching E:\Qt\Qt_Creato_All\6.10.1\mingw_64\lib\pkgconfig\Qt6Qml.pc
2026-07-02 12:43:09,992 - aqt.updater - INFO - updater 19344 Patching E:\Qt\Qt_Creato_All\6.10.1\mingw_64\lib\pkgconfig\Qt6QmlAssetDownloader.pc
2026-07-02 12:43:09,992 - aqt.updater - INFO - updater 19344 Patching E:\Qt\Qt_Creato_All\6.10.1\mingw_64\lib\pkgconfig\Qt6QmlCompiler.pc
2026-07-02 12:43:09,993 - aqt.updater - INFO - updater 19344 Patching E:\Qt\Qt_Creato_All\6.10.1\mingw_64\lib\pkgconfig\Qt6QmlCore.pc
2026-07-02 12:43:09,993 - aqt.updater - INFO - updater 19344 Patching E:\Qt\Qt_Creato_All\6.10.1\mingw_64\lib\pkgconfig\Qt6QmlIntegration.pc
2026-07-02 12:43:09,994 - aqt.updater - INFO - updater 19344 Patching E:\Qt\Qt_Creato_All\6.10.1\mingw_64\lib\pkgconfig\Qt6QmlLocalStorage.pc
2026-07-02 12:43:09,995 - aqt.updater - INFO - updater 19344 Patching E:\Qt\Qt_Creato_All\6.10.1\mingw_64\lib\pkgconfig\Qt6QmlMeta.pc
2026-07-02 12:43:09,995 - aqt.updater - INFO - updater 19344 Patching E:\Qt\Qt_Creato_All\6.10.1\mingw_64\lib\pkgconfig\Qt6QmlModels.pc
2026-07-02 12:43:09,996 - aqt.updater - INFO - updater 19344 Patching E:\Qt\Qt_Creato_All\6.10.1\mingw_64\lib\pkgconfig\Qt6QmlNetwork.pc
2026-07-02 12:43:09,996 - aqt.updater - INFO - updater 19344 Patching E:\Qt\Qt_Creato_All\6.10.1\mingw_64\lib\pkgconfig\Qt6QmlWorkerScript.pc
2026-07-02 12:43:09,997 - aqt.updater - INFO - updater 19344 Patching E:\Qt\Qt_Creato_All\6.10.1\mingw_64\lib\pkgconfig\Qt6QmlXmlListModel.pc
2026-07-02 12:43:09,998 - aqt.updater - INFO - updater 19344 Patching E:\Qt\Qt_Creato_All\6.10.1\mingw_64\lib\pkgconfig\Qt6Quick.pc
2026-07-02 12:43:09,999 - aqt.updater - INFO - updater 19344 Patching E:\Qt\Qt_Creato_All\6.10.1\mingw_64\lib\pkgconfig\Qt6Quick3D.pc
2026-07-02 12:43:10,000 - aqt.updater - INFO - updater 19344 Patching E:\Qt\Qt_Creato_All\6.10.1\mingw_64\lib\pkgconfig\Qt6Quick3DAssetImport.pc
2026-07-02 12:43:10,001 - aqt.updater - INFO - updater 19344 Patching E:\Qt\Qt_Creato_All\6.10.1\mingw_64\lib\pkgconfig\Qt6Quick3DAssetUtils.pc
2026-07-02 12:43:10,001 - aqt.updater - INFO - updater 19344 Patching E:\Qt\Qt_Creato_All\6.10.1\mingw_64\lib\pkgconfig\Qt6Quick3DEffects.pc
2026-07-02 12:43:10,002 - aqt.updater - INFO - updater 19344 Patching E:\Qt\Qt_Creato_All\6.10.1\mingw_64\lib\pkgconfig\Qt6Quick3DHelpers.pc
2026-07-02 12:43:10,003 - aqt.updater - INFO - updater 19344 Patching E:\Qt\Qt_Creato_All\6.10.1\mingw_64\lib\pkgconfig\Qt6Quick3DHelpersImpl.pc
2026-07-02 12:43:10,003 - aqt.updater - INFO - updater 19344 Patching E:\Qt\Qt_Creato_All\6.10.1\mingw_64\lib\pkgconfig\Qt6Quick3DIblBaker.pc
2026-07-02 12:43:10,004 - aqt.updater - INFO - updater 19344 Patching E:\Qt\Qt_Creato_All\6.10.1\mingw_64\lib\pkgconfig\Qt6Quick3DParticleEffects.pc
2026-07-02 12:43:10,005 - aqt.updater - INFO - updater 19344 Patching E:\Qt\Qt_Creato_All\6.10.1\mingw_64\lib\pkgconfig\Qt6Quick3DParticles.pc
2026-07-02 12:43:10,006 - aqt.updater - INFO - updater 19344 Patching E:\Qt\Qt_Creato_All\6.10.1\mingw_64\lib\pkgconfig\Qt6Quick3DRuntimeRender.pc
2026-07-02 12:43:10,007 - aqt.updater - INFO - updater 19344 Patching E:\Qt\Qt_Creato_All\6.10.1\mingw_64\lib\pkgconfig\Qt6Quick3DUtils.pc
2026-07-02 12:43:10,008 - aqt.updater - INFO - updater 19344 Patching E:\Qt\Qt_Creato_All\6.10.1\mingw_64\lib\pkgconfig\Qt6Quick3DXr.pc
2026-07-02 12:43:10,008 - aqt.updater - INFO - updater 19344 Patching E:\Qt\Qt_Creato_All\6.10.1\mingw_64\lib\pkgconfig\Qt6QuickControls2.pc
2026-07-02 12:43:10,009 - aqt.updater - INFO - updater 19344 Patching E:\Qt\Qt_Creato_All\6.10.1\mingw_64\lib\pkgconfig\Qt6QuickControls2Basic.pc
2026-07-02 12:43:10,009 - aqt.updater - INFO - updater 19344 Patching E:\Qt\Qt_Creato_All\6.10.1\mingw_64\lib\pkgconfig\Qt6QuickControls2BasicStyleImpl.pc
2026-07-02 12:43:10,010 - aqt.updater - INFO - updater 19344 Patching E:\Qt\Qt_Creato_All\6.10.1\mingw_64\lib\pkgconfig\Qt6QuickControls2FluentWinUI3StyleImpl.pc
2026-07-02 12:43:10,011 - aqt.updater - INFO - updater 19344 Patching E:\Qt\Qt_Creato_All\6.10.1\mingw_64\lib\pkgconfig\Qt6QuickControls2Fusion.pc
2026-07-02 12:43:10,011 - aqt.updater - INFO - updater 19344 Patching E:\Qt\Qt_Creato_All\6.10.1\mingw_64\lib\pkgconfig\Qt6QuickControls2FusionStyleImpl.pc
2026-07-02 12:43:10,012 - aqt.updater - INFO - updater 19344 Patching E:\Qt\Qt_Creato_All\6.10.1\mingw_64\lib\pkgconfig\Qt6QuickControls2Imagine.pc
2026-07-02 12:43:10,012 - aqt.updater - INFO - updater 19344 Patching E:\Qt\Qt_Creato_All\6.10.1\mingw_64\lib\pkgconfig\Qt6QuickControls2ImagineStyleImpl.pc
2026-07-02 12:43:10,013 - aqt.updater - INFO - updater 19344 Patching E:\Qt\Qt_Creato_All\6.10.1\mingw_64\lib\pkgconfig\Qt6QuickControls2Impl.pc
2026-07-02 12:43:10,013 - aqt.updater - INFO - updater 19344 Patching E:\Qt\Qt_Creato_All\6.10.1\mingw_64\lib\pkgconfig\Qt6QuickControls2Material.pc
2026-07-02 12:43:10,014 - aqt.updater - INFO - updater 19344 Patching E:\Qt\Qt_Creato_All\6.10.1\mingw_64\lib\pkgconfig\Qt6QuickControls2MaterialStyleImpl.pc
2026-07-02 12:43:10,014 - aqt.updater - INFO - updater 19344 Patching E:\Qt\Qt_Creato_All\6.10.1\mingw_64\lib\pkgconfig\Qt6QuickControls2Universal.pc
2026-07-02 12:43:10,015 - aqt.updater - INFO - updater 19344 Patching E:\Qt\Qt_Creato_All\6.10.1\mingw_64\lib\pkgconfig\Qt6QuickControls2UniversalStyleImpl.pc
2026-07-02 12:43:10,015 - aqt.updater - INFO - updater 19344 Patching E:\Qt\Qt_Creato_All\6.10.1\mingw_64\lib\pkgconfig\Qt6QuickControls2WindowsStyleImpl.pc
2026-07-02 12:43:10,016 - aqt.updater - INFO - updater 19344 Patching E:\Qt\Qt_Creato_All\6.10.1\mingw_64\lib\pkgconfig\Qt6QuickDialogs2.pc
2026-07-02 12:43:10,016 - aqt.updater - INFO - updater 19344 Patching E:\Qt\Qt_Creato_All\6.10.1\mingw_64\lib\pkgconfig\Qt6QuickDialogs2QuickImpl.pc
2026-07-02 12:43:10,017 - aqt.updater - INFO - updater 19344 Patching E:\Qt\Qt_Creato_All\6.10.1\mingw_64\lib\pkgconfig\Qt6QuickDialogs2Utils.pc
2026-07-02 12:43:10,017 - aqt.updater - INFO - updater 19344 Patching E:\Qt\Qt_Creato_All\6.10.1\mingw_64\lib\pkgconfig\Qt6QuickEffects.pc
2026-07-02 12:43:10,018 - aqt.updater - INFO - updater 19344 Patching E:\Qt\Qt_Creato_All\6.10.1\mingw_64\lib\pkgconfig\Qt6QuickLayouts.pc
2026-07-02 12:43:10,019 - aqt.updater - INFO - updater 19344 Patching E:\Qt\Qt_Creato_All\6.10.1\mingw_64\lib\pkgconfig\Qt6QuickTemplates2.pc
2026-07-02 12:43:10,019 - aqt.updater - INFO - updater 19344 Patching E:\Qt\Qt_Creato_All\6.10.1\mingw_64\lib\pkgconfig\Qt6QuickTest.pc
2026-07-02 12:43:10,020 - aqt.updater - INFO - updater 19344 Patching E:\Qt\Qt_Creato_All\6.10.1\mingw_64\lib\pkgconfig\Qt6QuickTimeline.pc
2026-07-02 12:43:10,021 - aqt.updater - INFO - updater 19344 Patching E:\Qt\Qt_Creato_All\6.10.1\mingw_64\lib\pkgconfig\Qt6QuickTimelineBlendTrees.pc
2026-07-02 12:43:10,022 - aqt.updater - INFO - updater 19344 Patching E:\Qt\Qt_Creato_All\6.10.1\mingw_64\lib\pkgconfig\Qt6QuickVectorImage.pc
2026-07-02 12:43:10,022 - aqt.updater - INFO - updater 19344 Patching E:\Qt\Qt_Creato_All\6.10.1\mingw_64\lib\pkgconfig\Qt6QuickVectorImageHelpers.pc
2026-07-02 12:43:10,023 - aqt.updater - INFO - updater 19344 Patching E:\Qt\Qt_Creato_All\6.10.1\mingw_64\lib\pkgconfig\Qt6QuickWidgets.pc
2026-07-02 12:43:10,024 - aqt.updater - INFO - updater 19344 Patching E:\Qt\Qt_Creato_All\6.10.1\mingw_64\lib\pkgconfig\Qt6SerialPort.pc
2026-07-02 12:43:10,024 - aqt.updater - INFO - updater 19344 Patching E:\Qt\Qt_Creato_All\6.10.1\mingw_64\lib\pkgconfig\Qt6ShaderTools.pc
2026-07-02 12:43:10,025 - aqt.updater - INFO - updater 19344 Patching E:\Qt\Qt_Creato_All\6.10.1\mingw_64\lib\pkgconfig\Qt6SpatialAudio.pc
2026-07-02 12:43:10,026 - aqt.updater - INFO - updater 19344 Patching E:\Qt\Qt_Creato_All\6.10.1\mingw_64\lib\pkgconfig\Qt6Sql.pc
2026-07-02 12:43:10,026 - aqt.updater - INFO - updater 19344 Patching E:\Qt\Qt_Creato_All\6.10.1\mingw_64\lib\pkgconfig\Qt6Svg.pc
2026-07-02 12:43:10,027 - aqt.updater - INFO - updater 19344 Patching E:\Qt\Qt_Creato_All\6.10.1\mingw_64\lib\pkgconfig\Qt6SvgWidgets.pc
2026-07-02 12:43:10,027 - aqt.updater - INFO - updater 19344 Patching E:\Qt\Qt_Creato_All\6.10.1\mingw_64\lib\pkgconfig\Qt6Test.pc
2026-07-02 12:43:10,028 - aqt.updater - INFO - updater 19344 Patching E:\Qt\Qt_Creato_All\6.10.1\mingw_64\lib\pkgconfig\Qt6UiPlugin.pc
2026-07-02 12:43:10,029 - aqt.updater - INFO - updater 19344 Patching E:\Qt\Qt_Creato_All\6.10.1\mingw_64\lib\pkgconfig\Qt6UiTools.pc
2026-07-02 12:43:10,030 - aqt.updater - INFO - updater 19344 Patching E:\Qt\Qt_Creato_All\6.10.1\mingw_64\lib\pkgconfig\Qt6Widgets.pc
2026-07-02 12:43:10,031 - aqt.updater - INFO - updater 19344 Patching E:\Qt\Qt_Creato_All\6.10.1\mingw_64\lib\pkgconfig\Qt6Xml.pc
2026-07-02 12:43:10,032 - aqt.updater - INFO - updater 19344 Patching E:\Qt\Qt_Creato_All\6.10.1\mingw_64\lib\Qt6Charts.prl
2026-07-02 12:43:10,033 - aqt.updater - INFO - updater 19344 Patching E:\Qt\Qt_Creato_All\6.10.1\mingw_64\lib\Qt6ChartsQml.prl
2026-07-02 12:43:10,033 - aqt.updater - INFO - updater 19344 Patching E:\Qt\Qt_Creato_All\6.10.1\mingw_64\lib\Qt6Concurrent.prl
2026-07-02 12:43:10,034 - aqt.updater - INFO - updater 19344 Patching E:\Qt\Qt_Creato_All\6.10.1\mingw_64\lib\Qt6Core.prl
2026-07-02 12:43:10,034 - aqt.updater - INFO - updater 19344 Patching E:\Qt\Qt_Creato_All\6.10.1\mingw_64\lib\Qt6DBus.prl
2026-07-02 12:43:10,035 - aqt.updater - INFO - updater 19344 Patching E:\Qt\Qt_Creato_All\6.10.1\mingw_64\lib\Qt6Designer.prl
2026-07-02 12:43:10,035 - aqt.updater - INFO - updater 19344 Patching E:\Qt\Qt_Creato_All\6.10.1\mingw_64\lib\Qt6DesignerComponents.prl
2026-07-02 12:43:10,036 - aqt.updater - INFO - updater 19344 Patching E:\Qt\Qt_Creato_All\6.10.1\mingw_64\lib\Qt6DeviceDiscoverySupport.prl
2026-07-02 12:43:10,036 - aqt.updater - INFO - updater 19344 Patching E:\Qt\Qt_Creato_All\6.10.1\mingw_64\lib\Qt6EntryPoint.prl
2026-07-02 12:43:10,037 - aqt.updater - INFO - updater 19344 Patching E:\Qt\Qt_Creato_All\6.10.1\mingw_64\lib\Qt6ExampleIcons.prl
2026-07-02 12:43:10,038 - aqt.updater - INFO - updater 19344 Patching E:\Qt\Qt_Creato_All\6.10.1\mingw_64\lib\Qt6ExamplesAssetDownloader.prl
2026-07-02 12:43:10,038 - aqt.updater - INFO - updater 19344 Patching E:\Qt\Qt_Creato_All\6.10.1\mingw_64\lib\Qt6FbSupport.prl
2026-07-02 12:43:10,039 - aqt.updater - INFO - updater 19344 Patching E:\Qt\Qt_Creato_All\6.10.1\mingw_64\lib\Qt6FFmpegMediaPluginImpl.prl
2026-07-02 12:43:10,040 - aqt.updater - INFO - updater 19344 Patching E:\Qt\Qt_Creato_All\6.10.1\mingw_64\lib\Qt6Gui.prl
2026-07-02 12:43:10,040 - aqt.updater - INFO - updater 19344 Patching E:\Qt\Qt_Creato_All\6.10.1\mingw_64\lib\Qt6Help.prl
2026-07-02 12:43:10,041 - aqt.updater - INFO - updater 19344 Patching E:\Qt\Qt_Creato_All\6.10.1\mingw_64\lib\Qt6LabsAnimation.prl
2026-07-02 12:43:10,042 - aqt.updater - INFO - updater 19344 Patching E:\Qt\Qt_Creato_All\6.10.1\mingw_64\lib\Qt6LabsFolderListModel.prl
2026-07-02 12:43:10,042 - aqt.updater - INFO - updater 19344 Patching E:\Qt\Qt_Creato_All\6.10.1\mingw_64\lib\Qt6LabsPlatform.prl
2026-07-02 12:43:10,043 - aqt.updater - INFO - updater 19344 Patching E:\Qt\Qt_Creato_All\6.10.1\mingw_64\lib\Qt6LabsQmlModels.prl
2026-07-02 12:43:10,044 - aqt.updater - INFO - updater 19344 Patching E:\Qt\Qt_Creato_All\6.10.1\mingw_64\lib\Qt6LabsSettings.prl
2026-07-02 12:43:10,044 - aqt.updater - INFO - updater 19344 Patching E:\Qt\Qt_Creato_All\6.10.1\mingw_64\lib\Qt6LabsSharedImage.prl
2026-07-02 12:43:10,045 - aqt.updater - INFO - updater 19344 Patching E:\Qt\Qt_Creato_All\6.10.1\mingw_64\lib\Qt6LabsSynchronizer.prl
2026-07-02 12:43:10,046 - aqt.updater - INFO - updater 19344 Patching E:\Qt\Qt_Creato_All\6.10.1\mingw_64\lib\Qt6LabsWavefrontMesh.prl
2026-07-02 12:43:10,046 - aqt.updater - INFO - updater 19344 Patching E:\Qt\Qt_Creato_All\6.10.1\mingw_64\lib\Qt6Multimedia.prl
2026-07-02 12:43:10,047 - aqt.updater - INFO - updater 19344 Patching E:\Qt\Qt_Creato_All\6.10.1\mingw_64\lib\Qt6MultimediaQuick.prl
2026-07-02 12:43:10,048 - aqt.updater - INFO - updater 19344 Patching E:\Qt\Qt_Creato_All\6.10.1\mingw_64\lib\Qt6MultimediaTestLib.prl
2026-07-02 12:43:10,049 - aqt.updater - INFO - updater 19344 Patching E:\Qt\Qt_Creato_All\6.10.1\mingw_64\lib\Qt6MultimediaWidgets.prl
2026-07-02 12:43:10,050 - aqt.updater - INFO - updater 19344 Patching E:\Qt\Qt_Creato_All\6.10.1\mingw_64\lib\Qt6Network.prl
2026-07-02 12:43:10,050 - aqt.updater - INFO - updater 19344 Patching E:\Qt\Qt_Creato_All\6.10.1\mingw_64\lib\Qt6OpenGL.prl
2026-07-02 12:43:10,051 - aqt.updater - INFO - updater 19344 Patching E:\Qt\Qt_Creato_All\6.10.1\mingw_64\lib\Qt6OpenGLWidgets.prl
2026-07-02 12:43:10,051 - aqt.updater - INFO - updater 19344 Patching E:\Qt\Qt_Creato_All\6.10.1\mingw_64\lib\Qt6PacketProtocol.prl
2026-07-02 12:43:10,052 - aqt.updater - INFO - updater 19344 Patching E:\Qt\Qt_Creato_All\6.10.1\mingw_64\lib\Qt6PrintSupport.prl
2026-07-02 12:43:10,052 - aqt.updater - INFO - updater 19344 Patching E:\Qt\Qt_Creato_All\6.10.1\mingw_64\lib\Qt6Qml.prl
2026-07-02 12:43:10,053 - aqt.updater - INFO - updater 19344 Patching E:\Qt\Qt_Creato_All\6.10.1\mingw_64\lib\Qt6QmlAssetDownloader.prl
2026-07-02 12:43:10,053 - aqt.updater - INFO - updater 19344 Patching E:\Qt\Qt_Creato_All\6.10.1\mingw_64\lib\Qt6QmlCompiler.prl
2026-07-02 12:43:10,054 - aqt.updater - INFO - updater 19344 Patching E:\Qt\Qt_Creato_All\6.10.1\mingw_64\lib\Qt6QmlCore.prl
2026-07-02 12:43:10,054 - aqt.updater - INFO - updater 19344 Patching E:\Qt\Qt_Creato_All\6.10.1\mingw_64\lib\Qt6QmlDebug.prl
2026-07-02 12:43:10,055 - aqt.updater - INFO - updater 19344 Patching E:\Qt\Qt_Creato_All\6.10.1\mingw_64\lib\Qt6QmlDom.prl
2026-07-02 12:43:10,055 - aqt.updater - INFO - updater 19344 Patching E:\Qt\Qt_Creato_All\6.10.1\mingw_64\lib\Qt6QmlFormat.prl
2026-07-02 12:43:10,056 - aqt.updater - INFO - updater 19344 Patching E:\Qt\Qt_Creato_All\6.10.1\mingw_64\lib\Qt6QmlLocalStorage.prl
2026-07-02 12:43:10,056 - aqt.updater - INFO - updater 19344 Patching E:\Qt\Qt_Creato_All\6.10.1\mingw_64\lib\Qt6QmlLS.prl
2026-07-02 12:43:10,057 - aqt.updater - INFO - updater 19344 Patching E:\Qt\Qt_Creato_All\6.10.1\mingw_64\lib\Qt6QmlMeta.prl
2026-07-02 12:43:10,057 - aqt.updater - INFO - updater 19344 Patching E:\Qt\Qt_Creato_All\6.10.1\mingw_64\lib\Qt6QmlModels.prl
2026-07-02 12:43:10,058 - aqt.updater - INFO - updater 19344 Patching E:\Qt\Qt_Creato_All\6.10.1\mingw_64\lib\Qt6QmlNetwork.prl
2026-07-02 12:43:10,058 - aqt.updater - INFO - updater 19344 Patching E:\Qt\Qt_Creato_All\6.10.1\mingw_64\lib\Qt6QmlToolingSettings.prl
2026-07-02 12:43:10,059 - aqt.updater - INFO - updater 19344 Patching E:\Qt\Qt_Creato_All\6.10.1\mingw_64\lib\Qt6QmlTypeRegistrar.prl
2026-07-02 12:43:10,059 - aqt.updater - INFO - updater 19344 Patching E:\Qt\Qt_Creato_All\6.10.1\mingw_64\lib\Qt6QmlWorkerScript.prl
2026-07-02 12:43:10,060 - aqt.updater - INFO - updater 19344 Patching E:\Qt\Qt_Creato_All\6.10.1\mingw_64\lib\Qt6QmlXmlListModel.prl
2026-07-02 12:43:10,061 - aqt.updater - INFO - updater 19344 Patching E:\Qt\Qt_Creato_All\6.10.1\mingw_64\lib\Qt6Quick.prl
2026-07-02 12:43:10,061 - aqt.updater - INFO - updater 19344 Patching E:\Qt\Qt_Creato_All\6.10.1\mingw_64\lib\Qt6Quick3D.prl
2026-07-02 12:43:10,062 - aqt.updater - INFO - updater 19344 Patching E:\Qt\Qt_Creato_All\6.10.1\mingw_64\lib\Qt6Quick3DAssetImport.prl
2026-07-02 12:43:10,063 - aqt.updater - INFO - updater 19344 Patching E:\Qt\Qt_Creato_All\6.10.1\mingw_64\lib\Qt6Quick3DAssetUtils.prl
2026-07-02 12:43:10,064 - aqt.updater - INFO - updater 19344 Patching E:\Qt\Qt_Creato_All\6.10.1\mingw_64\lib\Qt6Quick3DEffects.prl
2026-07-02 12:43:10,065 - aqt.updater - INFO - updater 19344 Patching E:\Qt\Qt_Creato_All\6.10.1\mingw_64\lib\Qt6Quick3DGlslParser.prl
2026-07-02 12:43:10,065 - aqt.updater - INFO - updater 19344 Patching E:\Qt\Qt_Creato_All\6.10.1\mingw_64\lib\Qt6Quick3DHelpers.prl
2026-07-02 12:43:10,066 - aqt.updater - INFO - updater 19344 Patching E:\Qt\Qt_Creato_All\6.10.1\mingw_64\lib\Qt6Quick3DHelpersImpl.prl
2026-07-02 12:43:10,067 - aqt.updater - INFO - updater 19344 Patching E:\Qt\Qt_Creato_All\6.10.1\mingw_64\lib\Qt6Quick3DIblBaker.prl
2026-07-02 12:43:10,068 - aqt.updater - INFO - updater 19344 Patching E:\Qt\Qt_Creato_All\6.10.1\mingw_64\lib\Qt6Quick3DParticleEffects.prl
2026-07-02 12:43:10,068 - aqt.updater - INFO - updater 19344 Patching E:\Qt\Qt_Creato_All\6.10.1\mingw_64\lib\Qt6Quick3DParticles.prl
2026-07-02 12:43:10,069 - aqt.updater - INFO - updater 19344 Patching E:\Qt\Qt_Creato_All\6.10.1\mingw_64\lib\Qt6Quick3DRuntimeRender.prl
2026-07-02 12:43:10,070 - aqt.updater - INFO - updater 19344 Patching E:\Qt\Qt_Creato_All\6.10.1\mingw_64\lib\Qt6Quick3DSpatialAudio.prl
2026-07-02 12:43:10,071 - aqt.updater - INFO - updater 19344 Patching E:\Qt\Qt_Creato_All\6.10.1\mingw_64\lib\Qt6Quick3DUtils.prl
2026-07-02 12:43:10,072 - aqt.updater - INFO - updater 19344 Patching E:\Qt\Qt_Creato_All\6.10.1\mingw_64\lib\Qt6Quick3DXr.prl
2026-07-02 12:43:10,073 - aqt.updater - INFO - updater 19344 Patching E:\Qt\Qt_Creato_All\6.10.1\mingw_64\lib\Qt6QuickControls2.prl
2026-07-02 12:43:10,074 - aqt.updater - INFO - updater 19344 Patching E:\Qt\Qt_Creato_All\6.10.1\mingw_64\lib\Qt6QuickControls2Basic.prl
2026-07-02 12:43:10,074 - aqt.updater - INFO - updater 19344 Patching E:\Qt\Qt_Creato_All\6.10.1\mingw_64\lib\Qt6QuickControls2BasicStyleImpl.prl
2026-07-02 12:43:10,075 - aqt.updater - INFO - updater 19344 Patching E:\Qt\Qt_Creato_All\6.10.1\mingw_64\lib\Qt6QuickControls2FluentWinUI3StyleImpl.prl
2026-07-02 12:43:10,075 - aqt.updater - INFO - updater 19344 Patching E:\Qt\Qt_Creato_All\6.10.1\mingw_64\lib\Qt6QuickControls2Fusion.prl
2026-07-02 12:43:10,076 - aqt.updater - INFO - updater 19344 Patching E:\Qt\Qt_Creato_All\6.10.1\mingw_64\lib\Qt6QuickControls2FusionStyleImpl.prl
2026-07-02 12:43:10,077 - aqt.updater - INFO - updater 19344 Patching E:\Qt\Qt_Creato_All\6.10.1\mingw_64\lib\Qt6QuickControls2Imagine.prl
2026-07-02 12:43:10,077 - aqt.updater - INFO - updater 19344 Patching E:\Qt\Qt_Creato_All\6.10.1\mingw_64\lib\Qt6QuickControls2ImagineStyleImpl.prl
2026-07-02 12:43:10,078 - aqt.updater - INFO - updater 19344 Patching E:\Qt\Qt_Creato_All\6.10.1\mingw_64\lib\Qt6QuickControls2Impl.prl
2026-07-02 12:43:10,078 - aqt.updater - INFO - updater 19344 Patching E:\Qt\Qt_Creato_All\6.10.1\mingw_64\lib\Qt6QuickControls2Material.prl
2026-07-02 12:43:10,079 - aqt.updater - INFO - updater 19344 Patching E:\Qt\Qt_Creato_All\6.10.1\mingw_64\lib\Qt6QuickControls2MaterialStyleImpl.prl
2026-07-02 12:43:10,079 - aqt.updater - INFO - updater 19344 Patching E:\Qt\Qt_Creato_All\6.10.1\mingw_64\lib\Qt6QuickControls2Universal.prl
2026-07-02 12:43:10,080 - aqt.updater - INFO - updater 19344 Patching E:\Qt\Qt_Creato_All\6.10.1\mingw_64\lib\Qt6QuickControls2UniversalStyleImpl.prl
2026-07-02 12:43:10,080 - aqt.updater - INFO - updater 19344 Patching E:\Qt\Qt_Creato_All\6.10.1\mingw_64\lib\Qt6QuickControls2WindowsStyleImpl.prl
2026-07-02 12:43:10,081 - aqt.updater - INFO - updater 19344 Patching E:\Qt\Qt_Creato_All\6.10.1\mingw_64\lib\Qt6QuickControlsTestUtils.prl
2026-07-02 12:43:10,082 - aqt.updater - INFO - updater 19344 Patching E:\Qt\Qt_Creato_All\6.10.1\mingw_64\lib\Qt6QuickDialogs2.prl
2026-07-02 12:43:10,082 - aqt.updater - INFO - updater 19344 Patching E:\Qt\Qt_Creato_All\6.10.1\mingw_64\lib\Qt6QuickDialogs2QuickImpl.prl
2026-07-02 12:43:10,083 - aqt.updater - INFO - updater 19344 Patching E:\Qt\Qt_Creato_All\6.10.1\mingw_64\lib\Qt6QuickDialogs2Utils.prl
2026-07-02 12:43:10,083 - aqt.updater - INFO - updater 19344 Patching E:\Qt\Qt_Creato_All\6.10.1\mingw_64\lib\Qt6QuickEffects.prl
2026-07-02 12:43:10,084 - aqt.updater - INFO - updater 19344 Patching E:\Qt\Qt_Creato_All\6.10.1\mingw_64\lib\Qt6QuickLayouts.prl
2026-07-02 12:43:10,085 - aqt.updater - INFO - updater 19344 Patching E:\Qt\Qt_Creato_All\6.10.1\mingw_64\lib\Qt6QuickParticles.prl
2026-07-02 12:43:10,085 - aqt.updater - INFO - updater 19344 Patching E:\Qt\Qt_Creato_All\6.10.1\mingw_64\lib\Qt6QuickShapes.prl
2026-07-02 12:43:10,086 - aqt.updater - INFO - updater 19344 Patching E:\Qt\Qt_Creato_All\6.10.1\mingw_64\lib\Qt6QuickShapesDesignHelpers.prl
2026-07-02 12:43:10,086 - aqt.updater - INFO - updater 19344 Patching E:\Qt\Qt_Creato_All\6.10.1\mingw_64\lib\Qt6QuickTemplates2.prl
2026-07-02 12:43:10,087 - aqt.updater - INFO - updater 19344 Patching E:\Qt\Qt_Creato_All\6.10.1\mingw_64\lib\Qt6QuickTest.prl
2026-07-02 12:43:10,088 - aqt.updater - INFO - updater 19344 Patching E:\Qt\Qt_Creato_All\6.10.1\mingw_64\lib\Qt6QuickTestUtils.prl
2026-07-02 12:43:10,088 - aqt.updater - INFO - updater 19344 Patching E:\Qt\Qt_Creato_All\6.10.1\mingw_64\lib\Qt6QuickTimeline.prl
2026-07-02 12:43:10,089 - aqt.updater - INFO - updater 19344 Patching E:\Qt\Qt_Creato_All\6.10.1\mingw_64\lib\Qt6QuickTimelineBlendTrees.prl
2026-07-02 12:43:10,090 - aqt.updater - INFO - updater 19344 Patching E:\Qt\Qt_Creato_All\6.10.1\mingw_64\lib\Qt6QuickVectorImage.prl
2026-07-02 12:43:10,091 - aqt.updater - INFO - updater 19344 Patching E:\Qt\Qt_Creato_All\6.10.1\mingw_64\lib\Qt6QuickVectorImageGenerator.prl
2026-07-02 12:43:10,091 - aqt.updater - INFO - updater 19344 Patching E:\Qt\Qt_Creato_All\6.10.1\mingw_64\lib\Qt6QuickVectorImageHelpers.prl
2026-07-02 12:43:10,092 - aqt.updater - INFO - updater 19344 Patching E:\Qt\Qt_Creato_All\6.10.1\mingw_64\lib\Qt6QuickWidgets.prl
2026-07-02 12:43:10,092 - aqt.updater - INFO - updater 19344 Patching E:\Qt\Qt_Creato_All\6.10.1\mingw_64\lib\Qt6SerialPort.prl
2026-07-02 12:43:10,093 - aqt.updater - INFO - updater 19344 Patching E:\Qt\Qt_Creato_All\6.10.1\mingw_64\lib\Qt6ShaderTools.prl
2026-07-02 12:43:10,094 - aqt.updater - INFO - updater 19344 Patching E:\Qt\Qt_Creato_All\6.10.1\mingw_64\lib\Qt6SpatialAudio.prl
2026-07-02 12:43:10,095 - aqt.updater - INFO - updater 19344 Patching E:\Qt\Qt_Creato_All\6.10.1\mingw_64\lib\Qt6Sql.prl
2026-07-02 12:43:10,095 - aqt.updater - INFO - updater 19344 Patching E:\Qt\Qt_Creato_All\6.10.1\mingw_64\lib\Qt6Svg.prl
2026-07-02 12:43:10,096 - aqt.updater - INFO - updater 19344 Patching E:\Qt\Qt_Creato_All\6.10.1\mingw_64\lib\Qt6SvgWidgets.prl
2026-07-02 12:43:10,097 - aqt.updater - INFO - updater 19344 Patching E:\Qt\Qt_Creato_All\6.10.1\mingw_64\lib\Qt6Test.prl
2026-07-02 12:43:10,097 - aqt.updater - INFO - updater 19344 Patching E:\Qt\Qt_Creato_All\6.10.1\mingw_64\lib\Qt6UiTools.prl
2026-07-02 12:43:10,098 - aqt.updater - INFO - updater 19344 Patching E:\Qt\Qt_Creato_All\6.10.1\mingw_64\lib\Qt6Widgets.prl
2026-07-02 12:43:10,098 - aqt.updater - INFO - updater 19344 Patching E:\Qt\Qt_Creato_All\6.10.1\mingw_64\lib\Qt6Xml.prl
2026-07-02 12:43:10,100 - aqt.main - INFO - installer 19344 Finished installation
2026-07-02 12:43:10,100 - aqt.main - INFO - installer 19344 Time elapsed: 46.78329900 second
