*** Using Compiler 'V6.24', folder: 'E:\keil_v5\ARM\ARMCLANG\Bin'
Rebuild target 'XIH6_V2'
compiling gpio.c...
compiling ltdc.c...
compiling dma.c...
compiling i2c.c...
compiling stm32h7xx_it.c...
compiling sdmmc.c...
compiling stm32h7xx_hal_msp.c...
compiling adc.c...
compiling spi.c...
assembling startup_stm32h743xx.s...
compiling usart.c...
compiling main.c...
compiling stm32h7xx_hal_rcc.c...
compiling stm32h7xx_hal_adc_ex.c...
compiling stm32h7xx_hal_adc.c...
compiling stm32h7xx_hal_hsem.c...
compiling stm32h7xx_hal_gpio.c...
compiling stm32h7xx_hal_pwr.c...
compiling stm32h7xx_hal.c...
compiling stm32h7xx_hal_cortex.c...
compiling stm32h7xx_hal_flash.c...
compiling stm32h7xx_hal_flash_ex.c...
compiling stm32h7xx_hal_pwr_ex.c...
compiling stm32h7xx_hal_dma_ex.c...
compiling stm32h7xx_hal_i2c_ex.c...
compiling stm32h7xx_hal_exti.c...
compiling stm32h7xx_hal_rcc_ex.c...
compiling stm32h7xx_hal_mdma.c...
compiling stm32h7xx_hal_dma.c...
compiling stm32h7xx_hal_ltdc_ex.c...
compiling stm32h7xx_hal_ltdc.c...
compiling stm32h7xx_ll_delayblock.c...
compiling stm32h7xx_hal_mmc.c...
compiling stm32h7xx_hal_mmc_ex.c...
compiling stm32h7xx_hal_sd_ex.c...
compiling stm32h7xx_hal_spi_ex.c...
compiling stm32h7xx_hal_tim.c...
compiling stm32h7xx_hal_tim_ex.c...
compiling stm32h7xx_ll_sdmmc.c...
compiling stm32h7xx_hal_i2c.c...
compiling stm32h7xx_hal_uart_ex.c...
compiling system_stm32h7xx.c...
compiling diskio.c...
compiling stm32h7xx_hal_spi.c...
compiling stm32h7xx_hal_sd.c...
compiling DELAY.c...
compiling LED.c...
compiling SHT40.c...
compiling SW_I2C.c...
compiling SD_Card.c...
compiling lepton_stream.c...
compiling stm32h7xx_hal_uart.c...
compiling lepton.c...
compiling oled.c...
linking...
Program Size: Code=75350 RO-data=9698 RW-data=40 ZI-data=169536  
FromELF: creating hex file...
"XIH6_V2\XIH6_V2.axf" - 0 Error(s), 0 Warning(s).
Build Time Elapsed:  00:00:03
